2024-09-25 10:47:21,570 INFO OSMnx Retrieved response from cache file 'cache\\f142a07cebc9fb40873b57fc522e8a34fb2f4811.json'
2024-09-25 10:47:21,580 INFO OSMnx Created GeoDataFrame with 1 rows from 1 queries
2024-09-25 10:47:21,580 INFO OSMnx Constructed place geometry polygon(s) to query API
2024-09-25 10:47:21,629 INFO OSMnx Projected GeoDataFrame to 'EPSG:32631 / WGS 84 / UTM zone 31N'
2024-09-25 10:47:21,667 INFO OSMnx Projected GeoDataFrame to 'EPSG:4326 / WGS 84'
2024-09-25 10:47:21,710 INFO OSMnx Projected GeoDataFrame to 'EPSG:32631 / WGS 84 / UTM zone 31N'
2024-09-25 10:47:21,716 INFO OSMnx Projected GeoDataFrame to 'EPSG:4326 / WGS 84'
2024-09-25 10:47:21,718 INFO OSMnx Requesting data from API in 4 request(s)
2024-09-25 10:47:21,938 INFO OSMnx Retrieved response from cache file 'cache\\db008eb8e4b4e7ba0370443630f8cc5357d85039.json'
2024-09-25 10:47:22,325 INFO OSMnx Retrieved response from cache file 'cache\\622b5e17a3f6ab2afa568732ee10955841bff762.json'
2024-09-25 10:47:22,855 INFO OSMnx Retrieved response from cache file 'cache\\40c586b1ce877b96298fa2e812336c889102e3c7.json'
2024-09-25 10:47:23,570 INFO OSMnx Retrieved response from cache file 'cache\\4b9261949f3cb698b24ae594297ce6acc47a0df9.json'
2024-09-25 10:47:23,891 INFO OSMnx Retrieved all data from API in 4 request(s)
2024-09-25 10:47:23,892 INFO OSMnx Creating graph from 636,238 OSM nodes and 144,747 OSM ways...
2024-09-25 10:47:32,170 INFO OSMnx Created graph with 636,238 nodes and 1,144,808 edges
2024-09-25 10:47:35,373 INFO OSMnx Added length attributes to graph edges
2024-09-25 10:47:35,481 INFO OSMnx Identifying all nodes that lie outside the polygon...
2024-09-25 10:47:40,048 INFO OSMnx Created nodes GeoDataFrame from graph
2024-09-25 10:47:40,294 INFO OSMnx Built r-tree spatial index for 636,238 geometries
2024-09-25 10:47:40,352 INFO OSMnx Accelerating r-tree with 70 quadrats
2024-09-25 10:47:43,045 INFO OSMnx Identified 596,522 geometries inside polygon
2024-09-25 10:47:50,499 INFO OSMnx Removed 39,716 nodes outside polygon
2024-09-25 10:47:50,501 INFO OSMnx Truncated graph by polygon
2024-09-25 10:47:50,592 INFO OSMnx Begin topologically simplifying the graph...
2024-09-25 10:48:00,227 INFO OSMnx Identified 113,269 edge endpoints
2024-09-25 10:48:20,336 INFO OSMnx Simplified graph: 596,522 to 113,269 nodes, 1,069,204 to 262,839 edges
2024-09-25 10:48:20,753 INFO OSMnx Identifying all nodes that lie outside the polygon...
2024-09-25 10:48:21,461 INFO OSMnx Created nodes GeoDataFrame from graph
2024-09-25 10:48:21,509 INFO OSMnx Built r-tree spatial index for 113,269 geometries
2024-09-25 10:48:21,589 INFO OSMnx Accelerating r-tree with 67 quadrats
2024-09-25 10:48:22,199 INFO OSMnx Identified 112,468 geometries inside polygon
2024-09-25 10:48:24,375 INFO OSMnx Removed 801 nodes outside polygon
2024-09-25 10:48:26,194 INFO OSMnx Removed 4 isolated nodes
2024-09-25 10:48:29,616 INFO OSMnx Got largest weakly connected component (112,170 of 112,464 total nodes)
2024-09-25 10:48:29,618 INFO OSMnx Truncated graph by polygon
2024-09-25 10:48:30,423 INFO OSMnx Counted undirected street segments incident on each node
2024-09-25 10:48:30,531 INFO OSMnx graph_from_polygon returned graph with 112,170 nodes and 260,766 edges
2024-09-25 10:48:30,599 INFO OSMnx graph_from_place returned graph with 112,170 nodes and 260,766 edges
2024-09-25 10:48:32,666 INFO OSMnx Created nodes GeoDataFrame from graph
2024-09-25 10:48:33,228 INFO OSMnx Projected GeoDataFrame to 'EPSG:32631 / WGS 84 / UTM zone 31N'
2024-09-25 10:48:35,044 INFO OSMnx Created edges GeoDataFrame from graph
2024-09-25 10:48:36,052 INFO OSMnx Projected GeoDataFrame to 'EPSG:32631 / WGS 84 / UTM zone 31N'
2024-09-25 10:48:41,006 INFO OSMnx Created graph from node/edge GeoDataFrames
2024-09-25 10:48:41,088 INFO OSMnx Projected graph with 112170 nodes and 260766 edges
2024-09-25 10:48:42,121 INFO OSMnx Created nodes GeoDataFrame from graph
2024-09-25 10:48:46,339 INFO OSMnx Created edges GeoDataFrame from graph
2024-09-25 10:48:46,392 INFO OSMnx Begin plotting the graph...
2024-09-25 10:48:51,283 INFO OSMnx Created edges GeoDataFrame from graph
2024-09-25 10:49:25,510 INFO OSMnx Finished plotting the graph
2024-09-25 10:51:04,063 INFO OSMnx Pausing 1 second(s) before making HTTP GET request to 'nominatim.openstreetmap.org'
2024-09-25 10:51:05,065 INFO OSMnx Get https://nominatim.openstreetmap.org/search?format=json&polygon_geojson=1&dedupe=0&limit=50&q=Delft%2C+Netherlands with timeout=180
2024-09-25 10:51:05,342 INFO OSMnx Downloaded 61.4kB from 'nominatim.openstreetmap.org' with status 200
2024-09-25 10:51:05,346 INFO OSMnx Saved response to cache file 'cache\\df95fc4206cc250c509c5a4aee3102cd120b0c75.json'
2024-09-25 10:51:05,353 INFO OSMnx Created GeoDataFrame with 1 rows from 1 queries
2024-09-25 10:51:05,354 INFO OSMnx Constructed place geometry polygon(s) to query API
2024-09-25 10:51:05,405 INFO OSMnx Projected GeoDataFrame to 'EPSG:32631 / WGS 84 / UTM zone 31N'
2024-09-25 10:51:05,413 INFO OSMnx Projected GeoDataFrame to 'EPSG:4326 / WGS 84'
2024-09-25 10:51:05,456 INFO OSMnx Projected GeoDataFrame to 'EPSG:32631 / WGS 84 / UTM zone 31N'
2024-09-25 10:51:05,459 INFO OSMnx Projected GeoDataFrame to 'EPSG:4326 / WGS 84'
2024-09-25 10:51:05,461 INFO OSMnx Requesting data from API in 1 request(s)
2024-09-25 10:51:05,464 INFO OSMnx Resolved 'overpass-api.de' to '65.109.112.52'
2024-09-25 10:51:05,601 INFO OSMnx Pausing 0 second(s) before making HTTP POST request to 'overpass-api.de'
2024-09-25 10:51:05,602 INFO OSMnx Post https://overpass-api.de/api/interpreter?data=%5Bout%3Ajson%5D%5Btimeout%3A180%5D%3B%28way%5B%22highway%22%5D%5B%22area%22%21~%22yes%22%5D%5B%22access%22%21~%22private%22%5D%5B%22highway%22%21~%22abandoned%7Cbridleway%7Cbus_guideway%7Cconstruction%7Ccorridor%7Ccycleway%7Celevator%7Cescalator%7Cfootway%7Cno%7Cpath%7Cpedestrian%7Cplanned%7Cplatform%7Cproposed%7Craceway%7Crazed%7Cservice%7Csteps%7Ctrack%22%5D%5B%22motor_vehicle%22%21~%22no%22%5D%5B%22motorcar%22%21~%22no%22%5D%5B%22service%22%21~%22alley%7Cdriveway%7Cemergency_access%7Cparking%7Cparking_aisle%7Cprivate%22%5D%28poly%3A%2752.009592+4.313373+52.009762+4.313387+52.010207+4.313494+52.010643+4.313673+52.011065+4.313922+52.011471+4.314238+52.011855+4.314618+52.012213+4.315058+52.012542+4.315554+52.012840+4.316101+52.013102+4.316694+52.013326+4.317325+52.013328+4.317331+52.013369+4.317467+52.013430+4.317670+52.013473+4.317813+52.013508+4.317930+52.013528+4.317995+52.013541+4.318037+52.013582+4.318175+52.013644+4.318383+52.013662+4.318443+52.013880+4.318565+52.014290+4.318873+52.014679+4.319246+52.014935+4.319552+52.014938+4.319554+52.015329+4.319941+52.015694+4.320391+52.016028+4.320898+52.016329+4.321458+52.016593+4.322065+52.016610+4.322113+52.016862+4.322681+52.018327+4.325990+52.018332+4.326002+52.018373+4.326094+52.018412+4.326184+52.018607+4.326640+52.018614+4.326657+52.018912+4.327360+52.019040+4.327659+52.019086+4.327770+52.019179+4.327996+52.019359+4.328419+52.019583+4.328942+52.019708+4.329234+52.019756+4.329339+52.019819+4.329477+52.019956+4.329787+52.020057+4.330011+52.020057+4.330011+52.020101+4.330106+52.020172+4.330264+52.020280+4.330494+52.020354+4.330651+52.020407+4.330767+52.021697+4.333634+52.021721+4.333688+52.023327+4.337329+52.024184+4.339256+52.024265+4.339438+52.024295+4.339505+52.024346+4.339622+52.025093+4.341302+52.025135+4.341399+52.025481+4.342204+52.025770+4.342849+52.025833+4.342994+52.025935+4.343232+52.026138+4.343624+52.026391+4.344225+52.026544+4.344677+52.026570+4.344740+52.026587+4.344778+52.026724+4.345086+52.026832+4.345327+52.026852+4.345372+52.027072+4.345869+52.027086+4.345901+52.027197+4.346155+52.027349+4.346493+52.027428+4.346669+52.027457+4.346731+52.027468+4.346755+52.027473+4.346767+52.027512+4.346851+52.027539+4.346909+52.027540+4.346911+52.027571+4.346981+52.027652+4.347164+52.027733+4.347346+52.027746+4.347375+52.027749+4.347381+52.027755+4.347395+52.027837+4.347582+52.027901+4.347730+52.028079+4.348124+52.028172+4.348338+52.028234+4.348487+52.028470+4.349013+52.028686+4.349494+52.028709+4.349545+52.028899+4.349974+52.028959+4.350125+52.029055+4.350319+52.029059+4.350329+52.029152+4.350527+52.029160+4.350544+52.029443+4.351094+52.029579+4.351388+52.029682+4.351618+52.029997+4.352353+52.030332+4.353122+52.030490+4.353484+52.030533+4.353581+52.030688+4.353938+52.030724+4.354017+52.030875+4.354352+52.030967+4.354558+52.031210+4.355158+52.031415+4.355794+52.031580+4.356459+52.031705+4.357148+52.031787+4.357853+52.031826+4.358567+52.031821+4.359284+52.031819+4.359307+52.031864+4.359406+52.032885+4.361662+52.032918+4.361734+52.033065+4.362069+52.033443+4.362925+52.033753+4.363628+52.033825+4.363792+52.033962+4.364099+52.034223+4.364683+52.034265+4.364779+52.034550+4.365439+52.034617+4.365578+52.035087+4.366641+52.035332+4.367186+52.035499+4.367556+52.035503+4.367566+52.035715+4.368037+52.035724+4.368058+52.035934+4.368531+52.035945+4.368555+52.036154+4.369029+52.036168+4.369059+52.036267+4.369288+52.036508+4.369903+52.036710+4.370553+52.036871+4.371234+52.036989+4.371936+52.037063+4.372655+52.037093+4.373381+52.037078+4.374109+52.037018+4.374831+52.036914+4.375540+52.036767+4.376228+52.036578+4.376889+52.036350+4.377516+52.036084+4.378103+52.035783+4.378644+52.035450+4.379133+52.035354+4.379248+52.035257+4.379391+52.034869+4.379852+52.034248+4.380509+52.034183+4.380578+52.032459+4.382401+52.032233+4.382660+52.032176+4.382718+52.031969+4.382909+52.031905+4.382976+52.031669+4.383217+52.031285+4.383613+52.030720+4.384213+52.030622+4.384473+52.030352+4.385053+52.030048+4.385586+52.029713+4.386068+52.029349+4.386493+52.029322+4.386522+52.029197+4.386653+52.029196+4.386654+52.028989+4.386873+52.028843+4.387026+52.028751+4.387125+52.028737+4.387143+52.028631+4.387279+52.028535+4.387509+52.028057+4.388671+52.028039+4.388713+52.027881+4.389091+52.027783+4.389327+52.027750+4.389407+52.027729+4.389455+52.027433+4.390074+52.027097+4.390637+52.027056+4.390698+52.026810+4.391044+52.026525+4.391415+52.026501+4.391445+52.026279+4.391730+52.026263+4.391751+52.026119+4.391934+52.026031+4.392043+52.025994+4.392087+52.025696+4.392419+52.025381+4.392710+52.025082+4.392962+52.025051+4.392988+52.024453+4.393482+52.024358+4.393561+52.024213+4.393683+52.023867+4.394028+52.023480+4.394335+52.023165+4.394556+52.022755+4.394805+52.022533+4.394902+52.022427+4.394966+52.022333+4.395027+52.021992+4.395295+52.021819+4.395423+52.021576+4.395594+52.021471+4.395668+52.020997+4.395951+52.020929+4.395985+52.020711+4.396092+52.020505+4.396185+52.020462+4.396203+52.020396+4.396253+52.020285+4.396332+52.020275+4.396340+52.020226+4.396373+52.020198+4.396392+52.020112+4.396449+52.019967+4.396547+52.019912+4.396584+52.019906+4.396588+52.019899+4.396593+52.019802+4.396658+52.019467+4.396859+52.019460+4.396863+52.019363+4.396933+52.019278+4.396995+52.019083+4.397137+52.018838+4.397315+52.018812+4.397334+52.018805+4.397339+52.018702+4.397413+52.018468+4.397580+52.018379+4.397644+52.018217+4.397760+52.018132+4.397819+52.018108+4.397836+52.017998+4.397910+52.017836+4.398020+52.017534+4.398224+52.017370+4.398334+52.017299+4.398386+52.017128+4.398510+52.016987+4.398612+52.016785+4.398758+52.016368+4.399060+52.016332+4.399086+52.016259+4.399135+52.016182+4.399190+52.015912+4.399368+52.015714+4.399485+52.015557+4.399579+52.015494+4.399616+52.015347+4.399707+52.015021+4.399910+52.014949+4.399954+52.014787+4.400055+52.014778+4.400061+52.014679+4.400122+52.014522+4.400219+52.014340+4.400323+52.014341+4.400323+52.014273+4.400360+52.014260+4.400369+52.014212+4.400401+52.013959+4.400567+52.013817+4.400653+52.013767+4.400694+52.013585+4.400837+52.013541+4.400869+52.013522+4.400883+52.013479+4.400916+52.013425+4.400955+52.013357+4.401004+52.013352+4.401008+52.013347+4.401011+52.013246+4.401082+52.012975+4.401256+52.012956+4.401267+52.012945+4.401273+52.012942+4.401275+52.012902+4.401298+52.012838+4.401335+52.012824+4.401343+52.012774+4.401373+52.012710+4.401409+52.012706+4.401411+52.012280+4.401609+52.011844+4.401738+52.011403+4.401796+52.010960+4.401784+52.010519+4.401702+52.010086+4.401549+52.009665+4.401329+52.009259+4.401042+52.008872+4.400691+52.008508+4.400281+52.008171+4.399815+52.007864+4.399297+52.007590+4.398732+52.007352+4.398127+52.007300+4.397962+52.007191+4.397723+52.006966+4.397111+52.006722+4.396370+52.006624+4.396034+52.006499+4.395982+52.006246+4.395832+52.006194+4.395850+52.005729+4.395929+52.005261+4.395929+52.004796+4.395851+52.004338+4.395694+52.003893+4.395462+52.003465+4.395155+52.003426+4.395123+52.003060+4.394787+52.002727+4.394412+52.001965+4.394744+52.001897+4.394773+52.001509+4.394931+52.000955+4.395170+52.000059+4.395557+52.000039+4.395565+51.999279+4.395887+51.998539+4.396201+51.997849+4.396534+51.997561+4.396673+51.997127+4.396845+51.996909+4.396896+51.994812+4.397793+51.993643+4.398294+51.992463+4.398799+51.990331+4.399709+51.989506+4.400062+51.988983+4.400285+51.988331+4.400563+51.988274+4.400587+51.987830+4.400777+51.987456+4.400937+51.986723+4.401250+51.986689+4.401264+51.986283+4.401433+51.985855+4.401616+51.985078+4.401948+51.984208+4.402320+51.983886+4.402458+51.983340+4.402692+51.983232+4.402738+51.982821+4.402914+51.982728+4.402952+51.982694+4.402965+51.982634+4.403333+51.982486+4.403986+51.982301+4.404613+51.982079+4.405208+51.981823+4.405766+51.981535+4.406282+51.981218+4.406752+51.980875+4.407170+51.980509+4.407533+51.980124+4.407838+51.979722+4.408082+51.979661+4.408114+51.979656+4.408116+51.979651+4.408119+51.979552+4.408170+51.979441+4.408226+51.979300+4.408293+51.979276+4.408304+51.979168+4.408354+51.979010+4.408423+51.978975+4.408437+51.978819+4.408515+51.978753+4.408547+51.978492+4.408670+51.978086+4.408863+51.978015+4.408896+51.977841+4.408974+51.977777+4.409002+51.977552+4.409097+51.977461+4.409136+51.977107+4.409301+51.977006+4.409346+51.976927+4.409379+51.976621+4.409510+51.976392+4.409597+51.975595+4.409866+51.975063+4.410083+51.974995+4.410144+51.974747+4.410320+51.974718+4.410343+51.974567+4.410459+51.974480+4.410522+51.974472+4.410528+51.974404+4.410578+51.974319+4.410637+51.974146+4.410925+51.973839+4.411353+51.973815+4.411382+51.973376+4.411874+51.972904+4.412278+51.972682+4.412441+51.972600+4.412504+51.972400+4.412670+51.971961+4.413036+51.971930+4.413062+51.971859+4.413121+51.971785+4.413181+51.971729+4.413225+51.971459+4.413436+51.971403+4.413479+51.971043+4.413751+51.970940+4.413828+51.970929+4.413838+51.970683+4.414042+51.970556+4.414149+51.970556+4.414147+51.970300+4.414357+51.970170+4.414453+51.970165+4.414457+51.970160+4.414461+51.970067+4.414530+51.969645+4.414801+51.969207+4.415003+51.968760+4.415131+51.968306+4.415186+51.967852+4.415166+51.967401+4.415073+51.966958+4.414906+51.966528+4.414667+51.966115+4.414359+51.965724+4.413986+51.965358+4.413550+51.965020+4.413057+51.964715+4.412511+51.964446+4.411918+51.964387+4.411771+51.964370+4.411732+51.964305+4.411580+51.964243+4.411427+51.964215+4.411358+51.964158+4.411216+51.964130+4.411147+51.964081+4.411021+51.964052+4.410947+51.964047+4.410934+51.964001+4.410822+51.963999+4.410817+51.963996+4.410811+51.963990+4.410795+51.963947+4.410688+51.963947+4.410688+51.963912+4.410598+51.963911+4.410597+51.963789+4.410300+51.963786+4.410293+51.963747+4.410201+51.963677+4.410043+51.963596+4.409854+51.963559+4.409762+51.963519+4.409666+51.963514+4.409654+51.963459+4.409520+51.963268+4.409011+51.963250+4.408958+51.963163+4.408690+51.963147+4.408640+51.963096+4.408453+51.963094+4.408455+51.963072+4.408380+51.963004+4.408123+51.962990+4.408073+51.962983+4.408043+51.962939+4.407875+51.962909+4.407737+51.962764+4.407401+51.962660+4.407167+51.962415+4.406548+51.962210+4.405893+51.962047+4.405208+51.961927+4.404499+51.961851+4.403775+51.961822+4.403042+51.961838+4.402308+51.961900+4.401580+51.962007+4.400866+51.962157+4.400173+51.962350+4.399509+51.962584+4.398879+51.962855+4.398290+51.963162+4.397749+51.963501+4.397261+51.963869+4.396830+51.964261+4.396462+51.964300+4.396429+51.964710+4.396129+51.964836+4.396061+51.965139+4.395791+51.965158+4.395776+51.965174+4.395764+51.965203+4.395742+51.965306+4.395664+51.965933+4.395191+51.966116+4.395053+51.967095+4.394246+51.967231+4.394138+51.967684+4.393795+51.967867+4.393559+51.968233+4.393175+51.968620+4.392851+51.968638+4.392837+51.968685+4.392803+51.968693+4.392797+51.968703+4.392790+51.969159+4.392464+51.969502+4.392245+51.969590+4.392203+51.969343+4.391902+51.969020+4.391424+51.968728+4.390898+51.968469+4.390328+51.968245+4.389720+51.968059+4.389079+51.968013+4.388870+51.967952+4.388729+51.967734+4.388105+51.967555+4.387448+51.967417+4.386766+51.967251+4.385781+51.967157+4.385251+51.967025+4.384528+51.966997+4.384373+51.966985+4.384304+51.966943+4.384067+51.966941+4.384057+51.966938+4.384036+51.966820+4.383381+51.966809+4.383320+51.966667+4.382507+51.966559+4.381889+51.966551+4.381839+51.966393+4.380914+51.966271+4.380200+51.966126+4.379427+51.966123+4.379411+51.965984+4.378663+51.965960+4.378530+51.965885+4.378094+51.965872+4.378019+51.965850+4.377891+51.965829+4.377769+51.965813+4.377677+51.965806+4.377638+51.965774+4.377447+51.965771+4.377433+51.965764+4.377391+51.965737+4.377228+51.965663+4.376789+51.965647+4.376751+51.965443+4.376119+51.965277+4.375457+51.965152+4.374772+51.965144+4.374717+51.965131+4.374640+51.965079+4.374327+51.965019+4.373921+51.964998+4.373759+51.964980+4.373639+51.964829+4.372813+51.964813+4.372725+51.964635+4.371697+51.964620+4.371611+51.964529+4.371061+51.964434+4.370345+51.964384+4.369617+51.964379+4.368885+51.964420+4.368156+51.964506+4.367437+51.964636+4.366736+51.964808+4.366059+51.965022+4.365414+51.965275+4.364808+51.965565+4.364245+51.965887+4.363732+51.966137+4.363408+51.965928+4.362156+51.965918+4.362097+51.965865+4.361827+51.965806+4.361502+51.965803+4.361483+51.965795+4.361436+51.965785+4.361370+51.965697+4.360690+51.965649+4.359999+51.965643+4.359305+51.965677+4.358612+51.965752+4.357928+51.965867+4.357259+51.966021+4.356611+51.966212+4.355989+51.966439+4.355399+51.966700+4.354848+51.966992+4.354339+51.967312+4.353877+51.967659+4.353467+51.968028+4.353112+51.968416+4.352816+51.968820+4.352581+51.969236+4.352410+51.969340+4.352376+51.969404+4.352353+51.969413+4.352349+51.969480+4.352325+51.969515+4.352312+51.969517+4.352312+51.969637+4.352263+51.969734+4.352226+51.969749+4.352220+51.969820+4.352194+51.969884+4.352168+51.969925+4.352151+51.969954+4.352140+51.970006+4.352117+51.970091+4.352082+51.970193+4.352041+51.970356+4.351974+51.970384+4.351963+51.970393+4.351959+51.970516+4.351906+51.970545+4.351893+51.970602+4.351867+51.970616+4.351861+51.970624+4.351857+51.970652+4.351844+51.970664+4.351839+51.970687+4.351829+51.970834+4.351767+51.970856+4.351759+51.970865+4.351756+51.970899+4.351743+51.971073+4.351682+51.971128+4.351665+51.971202+4.351640+51.971226+4.351633+51.971400+4.351578+51.971426+4.351572+51.971534+4.351516+51.971668+4.351460+51.971790+4.351404+51.971796+4.351401+51.971793+4.351382+51.971787+4.351348+51.971732+4.351014+51.971675+4.350676+51.971664+4.350613+51.971609+4.350273+51.971599+4.350210+51.971551+4.349904+51.971497+4.349563+51.971421+4.349091+51.971353+4.348685+51.971338+4.348591+51.971288+4.348276+51.971286+4.348266+51.971241+4.347979+51.971198+4.347706+51.971185+4.347660+51.971039+4.346961+51.970937+4.346242+51.970919+4.346075+51.970874+4.345558+51.970859+4.345321+51.970849+4.345156+51.970845+4.345099+51.970815+4.344372+51.970829+4.343711+51.970803+4.343652+51.970699+4.343395+51.970435+4.342651+51.970374+4.342454+51.970218+4.341889+51.970211+4.341863+51.970178+4.341735+51.970061+4.341239+51.969990+4.340902+51.969848+4.340063+51.969810+4.339779+51.969741+4.339086+51.969714+4.338385+51.969728+4.337683+51.969784+4.336986+51.969881+4.336301+51.970019+4.335635+51.970195+4.334994+51.970409+4.334382+51.970429+4.334331+51.970712+4.333688+51.971036+4.333098+51.971142+4.332923+51.971440+4.332479+51.971762+4.332079+51.972105+4.331728+51.972743+4.331138+51.973372+4.330551+51.973453+4.330477+51.974136+4.329872+51.974677+4.329363+51.974760+4.329287+51.974814+4.329239+51.974847+4.329209+51.975394+4.328730+51.975663+4.328492+51.975829+4.328353+51.976623+4.327718+51.976633+4.327710+51.977715+4.326851+51.977837+4.326754+51.978127+4.326511+51.978287+4.326384+51.978622+4.326130+51.978864+4.325960+51.979036+4.325849+51.979349+4.325669+51.979582+4.325550+51.980208+4.325310+51.980450+4.325246+51.980776+4.325179+51.981018+4.325144+51.981394+4.325116+51.981513+4.325123+51.981637+4.324909+51.982158+4.323967+51.982273+4.323758+51.982525+4.323336+51.982598+4.323223+51.982824+4.322896+51.982912+4.322776+51.983154+4.322472+51.984577+4.320803+51.984671+4.320695+51.984806+4.320545+51.985012+4.320329+51.985148+4.320196+51.985477+4.319862+51.985502+4.319836+51.985503+4.319835+51.985646+4.319698+51.985661+4.319685+51.987561+4.317854+51.987953+4.317518+51.988364+4.317246+51.988789+4.317040+51.989225+4.316904+51.989667+4.316838+51.990110+4.316843+51.990552+4.316918+51.990986+4.317064+51.991410+4.317278+51.991818+4.317559+51.992207+4.317904+51.992304+4.318000+51.992379+4.318059+51.992477+4.318100+51.992942+4.318382+51.993289+4.318629+51.993494+4.318775+51.993864+4.319071+51.994216+4.319422+51.994480+4.319712+51.994843+4.320158+51.995177+4.320661+51.995478+4.321217+51.995742+4.321819+51.995967+4.322461+51.996151+4.323137+51.996292+4.323840+51.996312+4.323962+51.996314+4.323975+51.996328+4.324060+51.996347+4.324175+51.996415+4.324581+51.996617+4.324500+51.996770+4.324457+51.996782+4.324453+51.997214+4.324317+51.997652+4.324250+51.998093+4.324253+51.998531+4.324326+51.998962+4.324468+51.999383+4.324678+51.999789+4.324954+51.999995+4.325134+51.999904+4.324464+51.999852+4.323753+51.999842+4.323036+51.999877+4.322322+51.999954+4.321616+52.000074+4.320926+52.000236+4.320259+52.000437+4.319620+52.000675+4.319017+52.000950+4.318454+52.001257+4.317938+52.001594+4.317474+52.001957+4.317065+52.002343+4.316716+52.002706+4.316425+52.003037+4.316153+52.003511+4.315765+52.004003+4.315361+52.004494+4.314957+52.004953+4.314581+52.004960+4.314575+52.005115+4.314448+52.005165+4.314408+52.005493+4.314148+52.006091+4.313674+52.006493+4.313394+52.006909+4.313179+52.007336+4.313030+52.007771+4.312950+52.008207+4.312938+52.008643+4.312994+52.009073+4.313119+52.009494+4.313311+52.009592+4.313373%27%29%3B%3E%3B%29%3Bout%3B with timeout=180
2024-09-25 10:51:05,616 INFO OSMnx Resolved 'overpass-api.de' to '65.109.112.52'
2024-09-25 10:51:10,025 INFO OSMnx Downloaded 3,595.0kB from 'overpass-api.de' with status 200
2024-09-25 10:51:10,087 INFO OSMnx Saved response to cache file 'cache\\c9ebf01ae96fe96353b6d53675de772640a1c2a6.json'
2024-09-25 10:51:10,137 INFO OSMnx Retrieved all data from API in 1 request(s)
2024-09-25 10:51:10,138 INFO OSMnx Creating graph from 17,463 OSM nodes and 4,661 OSM ways...
2024-09-25 10:51:10,288 INFO OSMnx Created graph with 17,463 nodes and 30,832 edges
2024-09-25 10:51:10,361 INFO OSMnx Added length attributes to graph edges
2024-09-25 10:51:10,366 INFO OSMnx Identifying all nodes that lie outside the polygon...
2024-09-25 10:51:10,502 INFO OSMnx Created nodes GeoDataFrame from graph
2024-09-25 10:51:10,508 INFO OSMnx Built r-tree spatial index for 17,463 geometries
2024-09-25 10:51:10,512 INFO OSMnx Accelerating r-tree with 4 quadrats
2024-09-25 10:51:10,744 INFO OSMnx Identified 16,888 geometries inside polygon
2024-09-25 10:51:10,918 INFO OSMnx Removed 575 nodes outside polygon
2024-09-25 10:51:10,918 INFO OSMnx Truncated graph by polygon
2024-09-25 10:51:10,921 INFO OSMnx Begin topologically simplifying the graph...
2024-09-25 10:51:11,146 INFO OSMnx Identified 3,439 edge endpoints
2024-09-25 10:51:11,662 INFO OSMnx Simplified graph: 16,888 to 3,439 nodes, 29,859 to 7,808 edges
2024-09-25 10:51:11,674 INFO OSMnx Identifying all nodes that lie outside the polygon...
2024-09-25 10:51:11,698 INFO OSMnx Created nodes GeoDataFrame from graph
2024-09-25 10:51:11,701 INFO OSMnx Built r-tree spatial index for 3,439 geometries
2024-09-25 10:51:11,706 INFO OSMnx Accelerating r-tree with 4 quadrats
2024-09-25 10:51:11,790 INFO OSMnx Identified 2,523 geometries inside polygon
2024-09-25 10:51:11,861 INFO OSMnx Removed 916 nodes outside polygon
2024-09-25 10:51:11,879 INFO OSMnx Removed 6 isolated nodes
2024-09-25 10:51:11,928 INFO OSMnx Got largest weakly connected component (2,468 of 2,517 total nodes)
2024-09-25 10:51:11,929 INFO OSMnx Truncated graph by polygon
2024-09-25 10:51:11,949 INFO OSMnx Counted undirected street segments incident on each node
2024-09-25 10:51:11,952 INFO OSMnx graph_from_polygon returned graph with 2,468 nodes and 5,765 edges
2024-09-25 10:51:11,953 INFO OSMnx graph_from_place returned graph with 2,468 nodes and 5,765 edges
2024-09-25 10:51:11,972 INFO OSMnx Created nodes GeoDataFrame from graph
2024-09-25 10:51:12,017 INFO OSMnx Projected GeoDataFrame to 'EPSG:32631 / WGS 84 / UTM zone 31N'
2024-09-25 10:51:12,042 INFO OSMnx Created edges GeoDataFrame from graph
2024-09-25 10:51:12,052 INFO OSMnx Projected GeoDataFrame to 'EPSG:32631 / WGS 84 / UTM zone 31N'
2024-09-25 10:51:12,177 INFO OSMnx Created graph from node/edge GeoDataFrames
2024-09-25 10:51:12,180 INFO OSMnx Projected graph with 2468 nodes and 5765 edges
2024-09-25 10:51:12,203 INFO OSMnx Created nodes GeoDataFrame from graph
2024-09-25 10:51:12,273 INFO OSMnx Created edges GeoDataFrame from graph
2024-09-25 10:51:46,181 INFO OSMnx Retrieved response from cache file 'cache\\df95fc4206cc250c509c5a4aee3102cd120b0c75.json'
2024-09-25 10:51:46,186 INFO OSMnx Created GeoDataFrame with 1 rows from 1 queries
2024-09-25 10:51:46,188 INFO OSMnx Constructed place geometry polygon(s) to query API
2024-09-25 10:51:46,236 INFO OSMnx Projected GeoDataFrame to 'EPSG:32631 / WGS 84 / UTM zone 31N'
2024-09-25 10:51:46,245 INFO OSMnx Projected GeoDataFrame to 'EPSG:4326 / WGS 84'
2024-09-25 10:51:46,287 INFO OSMnx Projected GeoDataFrame to 'EPSG:32631 / WGS 84 / UTM zone 31N'
2024-09-25 10:51:46,290 INFO OSMnx Projected GeoDataFrame to 'EPSG:4326 / WGS 84'
2024-09-25 10:51:46,292 INFO OSMnx Requesting data from API in 1 request(s)
2024-09-25 10:51:46,336 INFO OSMnx Retrieved response from cache file 'cache\\c9ebf01ae96fe96353b6d53675de772640a1c2a6.json'
2024-09-25 10:51:46,386 INFO OSMnx Retrieved all data from API in 1 request(s)
2024-09-25 10:51:46,387 INFO OSMnx Creating graph from 17,463 OSM nodes and 4,661 OSM ways...
2024-09-25 10:51:46,529 INFO OSMnx Created graph with 17,463 nodes and 30,832 edges
2024-09-25 10:51:46,599 INFO OSMnx Added length attributes to graph edges
2024-09-25 10:51:46,604 INFO OSMnx Identifying all nodes that lie outside the polygon...
2024-09-25 10:51:46,736 INFO OSMnx Created nodes GeoDataFrame from graph
2024-09-25 10:51:46,742 INFO OSMnx Built r-tree spatial index for 17,463 geometries
2024-09-25 10:51:46,745 INFO OSMnx Accelerating r-tree with 4 quadrats
2024-09-25 10:51:46,983 INFO OSMnx Identified 16,888 geometries inside polygon
2024-09-25 10:51:47,132 INFO OSMnx Removed 575 nodes outside polygon
2024-09-25 10:51:47,132 INFO OSMnx Truncated graph by polygon
2024-09-25 10:51:47,134 INFO OSMnx Begin topologically simplifying the graph...
2024-09-25 10:51:47,349 INFO OSMnx Identified 3,439 edge endpoints
2024-09-25 10:51:47,852 INFO OSMnx Simplified graph: 16,888 to 3,439 nodes, 29,859 to 7,808 edges
2024-09-25 10:51:47,861 INFO OSMnx Identifying all nodes that lie outside the polygon...
2024-09-25 10:51:47,883 INFO OSMnx Created nodes GeoDataFrame from graph
2024-09-25 10:51:47,885 INFO OSMnx Built r-tree spatial index for 3,439 geometries
2024-09-25 10:51:47,891 INFO OSMnx Accelerating r-tree with 4 quadrats
2024-09-25 10:51:47,986 INFO OSMnx Identified 2,523 geometries inside polygon
2024-09-25 10:51:48,057 INFO OSMnx Removed 916 nodes outside polygon
2024-09-25 10:51:48,074 INFO OSMnx Removed 6 isolated nodes
2024-09-25 10:51:48,126 INFO OSMnx Got largest weakly connected component (2,468 of 2,517 total nodes)
2024-09-25 10:51:48,128 INFO OSMnx Truncated graph by polygon
2024-09-25 10:51:48,150 INFO OSMnx Counted undirected street segments incident on each node
2024-09-25 10:51:48,153 INFO OSMnx graph_from_polygon returned graph with 2,468 nodes and 5,765 edges
2024-09-25 10:51:48,156 INFO OSMnx graph_from_place returned graph with 2,468 nodes and 5,765 edges
2024-09-25 10:51:48,174 INFO OSMnx Created nodes GeoDataFrame from graph
2024-09-25 10:51:48,216 INFO OSMnx Projected GeoDataFrame to 'EPSG:32631 / WGS 84 / UTM zone 31N'
2024-09-25 10:51:48,244 INFO OSMnx Created edges GeoDataFrame from graph
2024-09-25 10:51:48,255 INFO OSMnx Projected GeoDataFrame to 'EPSG:32631 / WGS 84 / UTM zone 31N'
2024-09-25 10:51:48,381 INFO OSMnx Created graph from node/edge GeoDataFrames
2024-09-25 10:51:48,384 INFO OSMnx Projected graph with 2468 nodes and 5765 edges
2024-09-25 10:51:48,410 INFO OSMnx Created nodes GeoDataFrame from graph
2024-09-25 10:51:48,476 INFO OSMnx Created edges GeoDataFrame from graph
2024-09-25 10:51:48,480 INFO OSMnx Begin plotting the graph...
2024-09-25 10:51:48,660 INFO OSMnx Created edges GeoDataFrame from graph
2024-09-25 10:52:18,155 INFO OSMnx Finished plotting the graph
2024-09-25 10:52:25,598 INFO OSMnx Retrieved response from cache file 'cache\\df95fc4206cc250c509c5a4aee3102cd120b0c75.json'
2024-09-25 10:52:25,603 INFO OSMnx Created GeoDataFrame with 1 rows from 1 queries
2024-09-25 10:52:25,604 INFO OSMnx Constructed place geometry polygon(s) to query API
2024-09-25 10:52:25,656 INFO OSMnx Projected GeoDataFrame to 'EPSG:32631 / WGS 84 / UTM zone 31N'
2024-09-25 10:52:25,664 INFO OSMnx Projected GeoDataFrame to 'EPSG:4326 / WGS 84'
2024-09-25 10:52:25,718 INFO OSMnx Projected GeoDataFrame to 'EPSG:32631 / WGS 84 / UTM zone 31N'
2024-09-25 10:52:25,722 INFO OSMnx Projected GeoDataFrame to 'EPSG:4326 / WGS 84'
2024-09-25 10:52:25,724 INFO OSMnx Requesting data from API in 1 request(s)
2024-09-25 10:52:25,756 INFO OSMnx Retrieved response from cache file 'cache\\c9ebf01ae96fe96353b6d53675de772640a1c2a6.json'
2024-09-25 10:52:25,814 INFO OSMnx Retrieved all data from API in 1 request(s)
2024-09-25 10:52:25,814 INFO OSMnx Creating graph from 17,463 OSM nodes and 4,661 OSM ways...
2024-09-25 10:52:25,976 INFO OSMnx Created graph with 17,463 nodes and 30,832 edges
2024-09-25 10:52:26,059 INFO OSMnx Added length attributes to graph edges
2024-09-25 10:52:26,064 INFO OSMnx Identifying all nodes that lie outside the polygon...
2024-09-25 10:52:26,201 INFO OSMnx Created nodes GeoDataFrame from graph
2024-09-25 10:52:26,208 INFO OSMnx Built r-tree spatial index for 17,463 geometries
2024-09-25 10:52:26,213 INFO OSMnx Accelerating r-tree with 4 quadrats
2024-09-25 10:52:26,448 INFO OSMnx Identified 16,888 geometries inside polygon
2024-09-25 10:52:26,605 INFO OSMnx Removed 575 nodes outside polygon
2024-09-25 10:52:26,606 INFO OSMnx Truncated graph by polygon
2024-09-25 10:52:26,608 INFO OSMnx Begin topologically simplifying the graph...
2024-09-25 10:52:26,835 INFO OSMnx Identified 3,439 edge endpoints
2024-09-25 10:52:27,344 INFO OSMnx Simplified graph: 16,888 to 3,439 nodes, 29,859 to 7,808 edges
2024-09-25 10:52:27,353 INFO OSMnx Identifying all nodes that lie outside the polygon...
2024-09-25 10:52:27,374 INFO OSMnx Created nodes GeoDataFrame from graph
2024-09-25 10:52:27,377 INFO OSMnx Built r-tree spatial index for 3,439 geometries
2024-09-25 10:52:27,383 INFO OSMnx Accelerating r-tree with 4 quadrats
2024-09-25 10:52:27,479 INFO OSMnx Identified 2,523 geometries inside polygon
2024-09-25 10:52:27,554 INFO OSMnx Removed 916 nodes outside polygon
2024-09-25 10:52:27,576 INFO OSMnx Removed 6 isolated nodes
2024-09-25 10:52:27,626 INFO OSMnx Got largest weakly connected component (2,468 of 2,517 total nodes)
2024-09-25 10:52:27,627 INFO OSMnx Truncated graph by polygon
2024-09-25 10:52:27,649 INFO OSMnx Counted undirected street segments incident on each node
2024-09-25 10:52:27,651 INFO OSMnx graph_from_polygon returned graph with 2,468 nodes and 5,765 edges
2024-09-25 10:52:27,652 INFO OSMnx graph_from_place returned graph with 2,468 nodes and 5,765 edges
2024-09-25 10:52:27,671 INFO OSMnx Created nodes GeoDataFrame from graph
2024-09-25 10:52:27,715 INFO OSMnx Projected GeoDataFrame to 'EPSG:32631 / WGS 84 / UTM zone 31N'
2024-09-25 10:52:27,743 INFO OSMnx Created edges GeoDataFrame from graph
2024-09-25 10:52:27,752 INFO OSMnx Projected GeoDataFrame to 'EPSG:32631 / WGS 84 / UTM zone 31N'
2024-09-25 10:52:27,877 INFO OSMnx Created graph from node/edge GeoDataFrames
2024-09-25 10:52:27,879 INFO OSMnx Projected graph with 2468 nodes and 5765 edges
2024-09-25 10:52:27,904 INFO OSMnx Created nodes GeoDataFrame from graph
2024-09-25 10:52:27,969 INFO OSMnx Created edges GeoDataFrame from graph
2024-09-25 10:52:27,972 INFO OSMnx Begin plotting the graph...
2024-09-25 10:52:28,176 INFO OSMnx Created edges GeoDataFrame from graph
2024-09-25 10:52:31,096 INFO OSMnx Finished plotting the graph
2024-09-25 10:53:29,850 INFO OSMnx Retrieved response from cache file 'cache\\df95fc4206cc250c509c5a4aee3102cd120b0c75.json'
2024-09-25 10:53:29,856 INFO OSMnx Created GeoDataFrame with 1 rows from 1 queries
2024-09-25 10:53:29,857 INFO OSMnx Constructed place geometry polygon(s) to query API
2024-09-25 10:53:29,906 INFO OSMnx Projected GeoDataFrame to 'EPSG:32631 / WGS 84 / UTM zone 31N'
2024-09-25 10:53:29,914 INFO OSMnx Projected GeoDataFrame to 'EPSG:4326 / WGS 84'
2024-09-25 10:53:29,958 INFO OSMnx Projected GeoDataFrame to 'EPSG:32631 / WGS 84 / UTM zone 31N'
2024-09-25 10:53:29,961 INFO OSMnx Projected GeoDataFrame to 'EPSG:4326 / WGS 84'
2024-09-25 10:53:29,962 INFO OSMnx Requesting data from API in 1 request(s)
2024-09-25 10:53:29,999 INFO OSMnx Retrieved response from cache file 'cache\\c9ebf01ae96fe96353b6d53675de772640a1c2a6.json'
2024-09-25 10:53:30,052 INFO OSMnx Retrieved all data from API in 1 request(s)
2024-09-25 10:53:30,052 INFO OSMnx Creating graph from 17,463 OSM nodes and 4,661 OSM ways...
2024-09-25 10:53:30,195 INFO OSMnx Created graph with 17,463 nodes and 30,832 edges
2024-09-25 10:53:30,268 INFO OSMnx Added length attributes to graph edges
2024-09-25 10:53:30,272 INFO OSMnx Identifying all nodes that lie outside the polygon...
2024-09-25 10:53:30,408 INFO OSMnx Created nodes GeoDataFrame from graph
2024-09-25 10:53:30,414 INFO OSMnx Built r-tree spatial index for 17,463 geometries
2024-09-25 10:53:30,419 INFO OSMnx Accelerating r-tree with 4 quadrats
2024-09-25 10:53:30,644 INFO OSMnx Identified 16,888 geometries inside polygon
2024-09-25 10:53:30,794 INFO OSMnx Removed 575 nodes outside polygon
2024-09-25 10:53:30,796 INFO OSMnx Truncated graph by polygon
2024-09-25 10:53:30,798 INFO OSMnx Begin topologically simplifying the graph...
2024-09-25 10:53:31,036 INFO OSMnx Identified 3,439 edge endpoints
2024-09-25 10:53:31,543 INFO OSMnx Simplified graph: 16,888 to 3,439 nodes, 29,859 to 7,808 edges
2024-09-25 10:53:31,551 INFO OSMnx Identifying all nodes that lie outside the polygon...
2024-09-25 10:53:31,572 INFO OSMnx Created nodes GeoDataFrame from graph
2024-09-25 10:53:31,574 INFO OSMnx Built r-tree spatial index for 3,439 geometries
2024-09-25 10:53:31,580 INFO OSMnx Accelerating r-tree with 4 quadrats
2024-09-25 10:53:31,664 INFO OSMnx Identified 2,523 geometries inside polygon
2024-09-25 10:53:31,730 INFO OSMnx Removed 916 nodes outside polygon
2024-09-25 10:53:31,753 INFO OSMnx Removed 6 isolated nodes
2024-09-25 10:53:31,801 INFO OSMnx Got largest weakly connected component (2,468 of 2,517 total nodes)
2024-09-25 10:53:31,802 INFO OSMnx Truncated graph by polygon
2024-09-25 10:53:31,822 INFO OSMnx Counted undirected street segments incident on each node
2024-09-25 10:53:31,825 INFO OSMnx graph_from_polygon returned graph with 2,468 nodes and 5,765 edges
2024-09-25 10:53:31,826 INFO OSMnx graph_from_place returned graph with 2,468 nodes and 5,765 edges
2024-09-25 10:53:31,845 INFO OSMnx Created nodes GeoDataFrame from graph
2024-09-25 10:53:31,888 INFO OSMnx Projected GeoDataFrame to 'EPSG:32631 / WGS 84 / UTM zone 31N'
2024-09-25 10:53:31,914 INFO OSMnx Created edges GeoDataFrame from graph
2024-09-25 10:53:31,924 INFO OSMnx Projected GeoDataFrame to 'EPSG:32631 / WGS 84 / UTM zone 31N'
2024-09-25 10:53:32,041 INFO OSMnx Created graph from node/edge GeoDataFrames
2024-09-25 10:53:32,043 INFO OSMnx Projected graph with 2468 nodes and 5765 edges
2024-09-25 10:53:32,067 INFO OSMnx Created nodes GeoDataFrame from graph
2024-09-25 10:53:32,131 INFO OSMnx Created edges GeoDataFrame from graph
2024-09-25 10:53:46,225 INFO OSMnx Retrieved response from cache file 'cache\\df95fc4206cc250c509c5a4aee3102cd120b0c75.json'
2024-09-25 10:53:46,231 INFO OSMnx Created GeoDataFrame with 1 rows from 1 queries
2024-09-25 10:53:46,231 INFO OSMnx Constructed place geometry polygon(s) to query API
2024-09-25 10:53:46,284 INFO OSMnx Projected GeoDataFrame to 'EPSG:32631 / WGS 84 / UTM zone 31N'
2024-09-25 10:53:46,296 INFO OSMnx Projected GeoDataFrame to 'EPSG:4326 / WGS 84'
2024-09-25 10:53:46,345 INFO OSMnx Projected GeoDataFrame to 'EPSG:32631 / WGS 84 / UTM zone 31N'
2024-09-25 10:53:46,349 INFO OSMnx Projected GeoDataFrame to 'EPSG:4326 / WGS 84'
2024-09-25 10:53:46,351 INFO OSMnx Requesting data from API in 1 request(s)
2024-09-25 10:53:46,384 INFO OSMnx Retrieved response from cache file 'cache\\c9ebf01ae96fe96353b6d53675de772640a1c2a6.json'
2024-09-25 10:53:46,447 INFO OSMnx Retrieved all data from API in 1 request(s)
2024-09-25 10:53:46,447 INFO OSMnx Creating graph from 17,463 OSM nodes and 4,661 OSM ways...
2024-09-25 10:53:46,611 INFO OSMnx Created graph with 17,463 nodes and 30,832 edges
2024-09-25 10:53:46,684 INFO OSMnx Added length attributes to graph edges
2024-09-25 10:53:46,690 INFO OSMnx Identifying all nodes that lie outside the polygon...
2024-09-25 10:53:46,829 INFO OSMnx Created nodes GeoDataFrame from graph
2024-09-25 10:53:46,835 INFO OSMnx Built r-tree spatial index for 17,463 geometries
2024-09-25 10:53:46,839 INFO OSMnx Accelerating r-tree with 4 quadrats
2024-09-25 10:53:47,069 INFO OSMnx Identified 16,888 geometries inside polygon
2024-09-25 10:53:47,230 INFO OSMnx Removed 575 nodes outside polygon
2024-09-25 10:53:47,231 INFO OSMnx Truncated graph by polygon
2024-09-25 10:53:47,233 INFO OSMnx Begin topologically simplifying the graph...
2024-09-25 10:53:47,496 INFO OSMnx Identified 3,439 edge endpoints
2024-09-25 10:53:48,026 INFO OSMnx Simplified graph: 16,888 to 3,439 nodes, 29,859 to 7,808 edges
2024-09-25 10:53:48,035 INFO OSMnx Identifying all nodes that lie outside the polygon...
2024-09-25 10:53:48,056 INFO OSMnx Created nodes GeoDataFrame from graph
2024-09-25 10:53:48,059 INFO OSMnx Built r-tree spatial index for 3,439 geometries
2024-09-25 10:53:48,066 INFO OSMnx Accelerating r-tree with 4 quadrats
2024-09-25 10:53:48,158 INFO OSMnx Identified 2,523 geometries inside polygon
2024-09-25 10:53:48,234 INFO OSMnx Removed 916 nodes outside polygon
2024-09-25 10:53:48,256 INFO OSMnx Removed 6 isolated nodes
2024-09-25 10:53:48,310 INFO OSMnx Got largest weakly connected component (2,468 of 2,517 total nodes)
2024-09-25 10:53:48,311 INFO OSMnx Truncated graph by polygon
2024-09-25 10:53:48,336 INFO OSMnx Counted undirected street segments incident on each node
2024-09-25 10:53:48,340 INFO OSMnx graph_from_polygon returned graph with 2,468 nodes and 5,765 edges
2024-09-25 10:53:48,343 INFO OSMnx graph_from_place returned graph with 2,468 nodes and 5,765 edges
2024-09-25 10:53:48,361 INFO OSMnx Created nodes GeoDataFrame from graph
2024-09-25 10:53:48,408 INFO OSMnx Projected GeoDataFrame to 'EPSG:32631 / WGS 84 / UTM zone 31N'
2024-09-25 10:53:48,436 INFO OSMnx Created edges GeoDataFrame from graph
2024-09-25 10:53:48,444 INFO OSMnx Projected GeoDataFrame to 'EPSG:32631 / WGS 84 / UTM zone 31N'
2024-09-25 10:53:48,566 INFO OSMnx Created graph from node/edge GeoDataFrames
2024-09-25 10:53:48,568 INFO OSMnx Projected graph with 2468 nodes and 5765 edges
2024-09-25 10:53:48,600 INFO OSMnx Created nodes GeoDataFrame from graph
2024-09-25 10:53:48,671 INFO OSMnx Created edges GeoDataFrame from graph
2024-09-25 10:54:00,817 INFO OSMnx Retrieved response from cache file 'cache\\df95fc4206cc250c509c5a4aee3102cd120b0c75.json'
2024-09-25 10:54:00,823 INFO OSMnx Created GeoDataFrame with 1 rows from 1 queries
2024-09-25 10:54:00,824 INFO OSMnx Constructed place geometry polygon(s) to query API
2024-09-25 10:54:00,872 INFO OSMnx Projected GeoDataFrame to 'EPSG:32631 / WGS 84 / UTM zone 31N'
2024-09-25 10:54:00,881 INFO OSMnx Projected GeoDataFrame to 'EPSG:4326 / WGS 84'
2024-09-25 10:54:00,930 INFO OSMnx Projected GeoDataFrame to 'EPSG:32631 / WGS 84 / UTM zone 31N'
2024-09-25 10:54:00,933 INFO OSMnx Projected GeoDataFrame to 'EPSG:4326 / WGS 84'
2024-09-25 10:54:00,934 INFO OSMnx Requesting data from API in 1 request(s)
2024-09-25 10:54:00,963 INFO OSMnx Retrieved response from cache file 'cache\\c9ebf01ae96fe96353b6d53675de772640a1c2a6.json'
2024-09-25 10:54:01,016 INFO OSMnx Retrieved all data from API in 1 request(s)
2024-09-25 10:54:01,018 INFO OSMnx Creating graph from 17,463 OSM nodes and 4,661 OSM ways...
2024-09-25 10:54:01,157 INFO OSMnx Created graph with 17,463 nodes and 30,832 edges
2024-09-25 10:54:01,222 INFO OSMnx Added length attributes to graph edges
2024-09-25 10:54:01,226 INFO OSMnx Identifying all nodes that lie outside the polygon...
2024-09-25 10:54:01,365 INFO OSMnx Created nodes GeoDataFrame from graph
2024-09-25 10:54:01,372 INFO OSMnx Built r-tree spatial index for 17,463 geometries
2024-09-25 10:54:01,376 INFO OSMnx Accelerating r-tree with 4 quadrats
2024-09-25 10:54:01,614 INFO OSMnx Identified 16,888 geometries inside polygon
2024-09-25 10:54:01,762 INFO OSMnx Removed 575 nodes outside polygon
2024-09-25 10:54:01,763 INFO OSMnx Truncated graph by polygon
2024-09-25 10:54:01,764 INFO OSMnx Begin topologically simplifying the graph...
2024-09-25 10:54:01,974 INFO OSMnx Identified 3,439 edge endpoints
2024-09-25 10:54:02,474 INFO OSMnx Simplified graph: 16,888 to 3,439 nodes, 29,859 to 7,808 edges
2024-09-25 10:54:02,481 INFO OSMnx Identifying all nodes that lie outside the polygon...
2024-09-25 10:54:02,504 INFO OSMnx Created nodes GeoDataFrame from graph
2024-09-25 10:54:02,507 INFO OSMnx Built r-tree spatial index for 3,439 geometries
2024-09-25 10:54:02,513 INFO OSMnx Accelerating r-tree with 4 quadrats
2024-09-25 10:54:02,597 INFO OSMnx Identified 2,523 geometries inside polygon
2024-09-25 10:54:02,667 INFO OSMnx Removed 916 nodes outside polygon
2024-09-25 10:54:02,686 INFO OSMnx Removed 6 isolated nodes
2024-09-25 10:54:02,736 INFO OSMnx Got largest weakly connected component (2,468 of 2,517 total nodes)
2024-09-25 10:54:02,736 INFO OSMnx Truncated graph by polygon
2024-09-25 10:54:02,758 INFO OSMnx Counted undirected street segments incident on each node
2024-09-25 10:54:02,762 INFO OSMnx graph_from_polygon returned graph with 2,468 nodes and 5,765 edges
2024-09-25 10:54:02,762 INFO OSMnx graph_from_place returned graph with 2,468 nodes and 5,765 edges
2024-09-25 10:54:02,781 INFO OSMnx Created nodes GeoDataFrame from graph
2024-09-25 10:54:02,825 INFO OSMnx Projected GeoDataFrame to 'EPSG:32631 / WGS 84 / UTM zone 31N'
2024-09-25 10:54:02,851 INFO OSMnx Created edges GeoDataFrame from graph
2024-09-25 10:54:02,861 INFO OSMnx Projected GeoDataFrame to 'EPSG:32631 / WGS 84 / UTM zone 31N'
2024-09-25 10:54:02,980 INFO OSMnx Created graph from node/edge GeoDataFrames
2024-09-25 10:54:02,983 INFO OSMnx Projected graph with 2468 nodes and 5765 edges
2024-09-25 10:54:03,006 INFO OSMnx Created nodes GeoDataFrame from graph
2024-09-25 10:54:03,073 INFO OSMnx Created edges GeoDataFrame from graph
2024-09-25 10:54:03,077 INFO OSMnx Begin plotting the graph...
2024-09-25 10:54:03,254 INFO OSMnx Created edges GeoDataFrame from graph
2024-09-25 10:54:05,528 INFO OSMnx Finished plotting the graph
2024-09-25 10:55:26,786 INFO OSMnx Retrieved response from cache file 'cache\\df95fc4206cc250c509c5a4aee3102cd120b0c75.json'
2024-09-25 10:55:26,793 INFO OSMnx Created GeoDataFrame with 1 rows from 1 queries
2024-09-25 10:55:26,793 INFO OSMnx Constructed place geometry polygon(s) to query API
2024-09-25 10:55:26,849 INFO OSMnx Projected GeoDataFrame to 'EPSG:32631 / WGS 84 / UTM zone 31N'
2024-09-25 10:55:26,859 INFO OSMnx Projected GeoDataFrame to 'EPSG:4326 / WGS 84'
2024-09-25 10:55:26,903 INFO OSMnx Projected GeoDataFrame to 'EPSG:32631 / WGS 84 / UTM zone 31N'
2024-09-25 10:55:26,906 INFO OSMnx Projected GeoDataFrame to 'EPSG:4326 / WGS 84'
2024-09-25 10:55:26,908 INFO OSMnx Requesting data from API in 1 request(s)
2024-09-25 10:55:26,938 INFO OSMnx Retrieved response from cache file 'cache\\c9ebf01ae96fe96353b6d53675de772640a1c2a6.json'
2024-09-25 10:55:26,989 INFO OSMnx Retrieved all data from API in 1 request(s)
2024-09-25 10:55:26,989 INFO OSMnx Creating graph from 17,463 OSM nodes and 4,661 OSM ways...
2024-09-25 10:55:27,132 INFO OSMnx Created graph with 17,463 nodes and 30,832 edges
2024-09-25 10:55:27,213 INFO OSMnx Added length attributes to graph edges
2024-09-25 10:55:27,218 INFO OSMnx Identifying all nodes that lie outside the polygon...
2024-09-25 10:55:27,357 INFO OSMnx Created nodes GeoDataFrame from graph
2024-09-25 10:55:27,363 INFO OSMnx Built r-tree spatial index for 17,463 geometries
2024-09-25 10:55:27,368 INFO OSMnx Accelerating r-tree with 4 quadrats
2024-09-25 10:55:27,603 INFO OSMnx Identified 16,888 geometries inside polygon
2024-09-25 10:55:27,758 INFO OSMnx Removed 575 nodes outside polygon
2024-09-25 10:55:27,759 INFO OSMnx Truncated graph by polygon
2024-09-25 10:55:27,762 INFO OSMnx Begin topologically simplifying the graph...
2024-09-25 10:55:27,985 INFO OSMnx Identified 3,439 edge endpoints
2024-09-25 10:55:28,479 INFO OSMnx Simplified graph: 16,888 to 3,439 nodes, 29,859 to 7,808 edges
2024-09-25 10:55:28,487 INFO OSMnx Identifying all nodes that lie outside the polygon...
2024-09-25 10:55:28,511 INFO OSMnx Created nodes GeoDataFrame from graph
2024-09-25 10:55:28,513 INFO OSMnx Built r-tree spatial index for 3,439 geometries
2024-09-25 10:55:28,519 INFO OSMnx Accelerating r-tree with 4 quadrats
2024-09-25 10:55:28,601 INFO OSMnx Identified 2,523 geometries inside polygon
2024-09-25 10:55:28,676 INFO OSMnx Removed 916 nodes outside polygon
2024-09-25 10:55:28,700 INFO OSMnx Removed 6 isolated nodes
2024-09-25 10:55:28,752 INFO OSMnx Got largest weakly connected component (2,468 of 2,517 total nodes)
2024-09-25 10:55:28,752 INFO OSMnx Truncated graph by polygon
2024-09-25 10:55:28,774 INFO OSMnx Counted undirected street segments incident on each node
2024-09-25 10:55:28,777 INFO OSMnx graph_from_polygon returned graph with 2,468 nodes and 5,765 edges
2024-09-25 10:55:28,780 INFO OSMnx graph_from_place returned graph with 2,468 nodes and 5,765 edges
2024-09-25 10:55:28,794 INFO OSMnx Created nodes GeoDataFrame from graph
2024-09-25 10:55:28,840 INFO OSMnx Projected GeoDataFrame to 'EPSG:32631 / WGS 84 / UTM zone 31N'
2024-09-25 10:55:28,865 INFO OSMnx Created edges GeoDataFrame from graph
2024-09-25 10:55:28,874 INFO OSMnx Projected GeoDataFrame to 'EPSG:32631 / WGS 84 / UTM zone 31N'
2024-09-25 10:55:28,989 INFO OSMnx Created graph from node/edge GeoDataFrames
2024-09-25 10:55:28,992 INFO OSMnx Projected graph with 2468 nodes and 5765 edges
2024-09-25 10:55:29,020 INFO OSMnx Created nodes GeoDataFrame from graph
2024-09-25 10:55:29,085 INFO OSMnx Created edges GeoDataFrame from graph
2024-09-25 10:55:29,094 INFO OSMnx Begin plotting the graph...
2024-09-25 10:55:29,326 INFO OSMnx Created edges GeoDataFrame from graph
2024-09-25 10:55:32,084 INFO OSMnx Finished plotting the graph
